[2018-11-26 23:39:36] my_logger.INFO: 11/26/2018 11:39:36 pmIncorrect username or password. [] []
[2018-11-26 23:40:06] my_logger.INFO: Incorrect username or password. [] []
[2018-11-29 16:57:09] my_logger.INFO: No Such Stock found! [] []
[2018-11-29 16:58:05] my_logger.INFO: No Such Stock found! [] []
[2018-11-29 16:58:11] my_logger.INFO: No Such Stock found! [] []
[2018-11-29 16:58:17] my_logger.INFO: No Such Stock found (ASD)! [] []
[2018-11-29 17:04:05] my_logger.INFO: Insufficient Funds. [] []
[2018-11-29 17:04:15] my_logger.INFO: Insufficient Funds. [] []
[2018-11-29 17:22:59] my_logger.INFO: There was an error saving the changes! [] []
[2018-11-29 17:44:06] my_logger.INFO: There was an error saving the changes! [] []
[2018-11-29 17:44:27] my_logger.INFO: There was an error saving the changes! [] []
[2018-11-29 17:50:00] my_logger.INFO: There was an error saving the changes! [] []
[2018-11-29 17:50:08] my_logger.INFO: There was an error saving the changes! [] []
[2018-11-29 17:51:11] my_logger.INFO: There was an error saving the changes! [] []
[2018-11-29 17:51:44] my_logger.INFO: There was an error saving the changes! [] []
[2018-11-29 17:53:48] my_logger.INFO: Your changes have been made! [] []
[2018-11-29 17:54:00] my_logger.INFO: Your changes have been made! [] []
[2018-11-29 17:54:50] my_logger.INFO: Your changes have been made! [] []
[2018-11-29 17:56:03] my_logger.INFO: Your changes have been made! [] []
[2018-11-29 17:56:29] my_logger.INFO: Your changes have been made! [] []
[2018-12-02 10:56:03] my_logger.INFO: Incorrect username or password. [] []
[2018-12-02 10:56:06] my_logger.INFO: Incorrect username or password. [] []
[2018-12-02 10:57:31] my_logger.INFO: Your changes have been made! [] []
